Project Information                           h:\digital\shiftreg\shiftreg.rpt

MAX+plus II Compiler Report File
Version 10.2 07/10/2002
Compiled: 05/05/2016 10:23:24

Copyright (C) 1988-2002 Altera Corporation
Any megafunction design, and related net list (encrypted or decrypted),
support information, device programming or simulation file, and any other
associated documentation or information provided by Altera or a partner
under Altera's Megafunction Partnership Program may be used only to
program PLD devices (but not masked PLD devices) from Altera.  Any other
use of such megafunction design, net list, support information, device
programming or simulation file, or any other related documentation or
information is prohibited for any other purpose, including, but not
limited to modification, reverse engineering, de-compiling, or use with
any other silicon devices, unless such use is explicitly licensed under
a separate agreement with Altera or a megafunction partner.  Title to
the intellectual property, including patents, copyrights, trademarks,
trade secrets, or maskworks, embodied in any such megafunction design,
net list, support information, device programming or simulation file, or
any other related documentation or information provided by Altera or a
megafunction partner, remains with Altera, the megafunction partner, or
their respective licensors.  No other licenses, including any licenses
needed under any third party's intellectual property, are provided herein.



***** Project compilation was successful


Untitled


** DEVICE SUMMARY **

Chip/                     Input Output Bidir  Memory  Memory  			 LCs
POF       Device          Pins  Pins   Pins   Bits % Utilized  LCs  % Utilized

shiftreg  EP1K10TC100-1    10     8      0    0         0  %    16       2  %

User Pins:                 10     8      0  



Project Information                           h:\digital\shiftreg\shiftreg.rpt

** FILE HIERARCHY **



|lpm_shiftreg:reg1|
|lpm_shiftreg:reg2|


Device-Specific Information:                  h:\digital\shiftreg\shiftreg.rpt
shiftreg

***** Logic for device 'shiftreg' compiled without errors.




Device: EP1K10TC100-1

ACEX 1K Configuration Scheme: Passive Serial

Device Options:
    User-Supplied Start-Up Clock               = OFF
    Auto-Restart Configuration on Frame Error  = OFF
    Release Clears Before Tri-States           = OFF
    Enable Chip_Wide Reset                     = OFF
    Enable Chip-Wide Output Enable             = OFF
    Enable INIT_DONE Output                    = OFF
    JTAG User Code                             = 7f
    MultiVolt I/O                              = OFF
    Enable Lock Output                         = OFF

                                                                   
                                                                   
                  R R R R   R R           R R R R   R R R R R R    
                  E E E E   E E           E E E E   E E E E E E    
                  S S S S   S S V         S S S S   S S S S S S ^  
                  E E E E   E E C         E E E E V E E E E E E D  
                # R R R R   R R C         R R R R C R R R R R R A  
                T V V V V G V V I       G V V V V C V V V V V V T  
                C E E E E N E E N d d d N E E E E I E E E E E E A  
                K D D D D D D D T 3 4 2 D D D D D O D D D D D D 0  
              ----------------------------------------------------_ 
             / 100  98  96  94  92  90  88  86  84  82  80  78  76   |_ 
            /     99  97  95  93  91  89  87  85  83  81  79  77    | 
^CONF_DONE |  1                                                    75 | ^DCLK 
     ^nCEO |  2                                                    74 | ^nCE 
      #TDO |  3                                                    73 | #TDI 
     VCCIO |  4                                                    72 | VCCINT 
  RESERVED |  5                                                    71 | RESERVED 
  RESERVED |  6                                                    70 | RESERVED 
  RESERVED |  7                                                    69 | RESERVED 
  RESERVED |  8                                                    68 | RESERVED 
  RESERVED |  9                                                    67 | VCCIO 
  RESERVED | 10                                                    66 | GND 
       GND | 11                                                    65 | RESERVED 
    VCCINT | 12                                                    64 | RESERVED 
  RESERVED | 13                   EP1K10TC100-1                    63 | RESERVED 
  RESERVED | 14                                                    62 | RESERVED 
  RESERVED | 15                                                    61 | out8 
  RESERVED | 16                                                    60 | VCCINT 
     VCCIO | 17                                                    59 | GND 
       GND | 18                                                    58 | d7 
      out3 | 19                                                    57 | out5 
        d5 | 20                                                    56 | d8 
      out6 | 21                                                    55 | d6 
      out1 | 22                                                    54 | ^MSEL0 
      out4 | 23                                                    53 | ^MSEL1 
      #TMS | 24                                                    52 | VCCINT 
  ^nSTATUS | 25                                                    51 | ^nCONFIG 
           |      27  29  31  33  35  37  39  41  43  45  47  49  _| 
            \   26  28  30  32  34  36  38  40  42  44  46  48  50   | 
             \----------------------------------------------------- 
                R R R R o o R R R V G V d c l G G R V R R R R R R  
                E E E E u u E E E C N C 1 l o N N E C E E E E E E  
                S S S S t t S S S C D C   k a D D S C S S S S S S  
                E E E E 7 2 E E E I   _     d _   E I E E E E E E  
                R R R R     R R R N   C       C   R O R R R R R R  
                V V V V     V V V T   K       K   V   V V V V V V  
                E E E E     E E E     L       L   E   E E E E E E  
                D D D D     D D D     K       K   D   D D D D D D  
                                                                   
                                                                   


N.C. = No Connect. This pin has no internal connection to the device.
VCCINT = Dedicated power pin, which MUST be connected to VCC (2.5 volts).
VCCIO = Dedicated power pin, which MUST be connected to VCC (2.5 volts).
GND = Dedicated ground pin or unused dedicated input, which MUST be connected to GND.
RESERVED = Unused I/O pin, which MUST be left unconnected.

^ = Dedicated configuration pin.
+ = Reserved configuration pin, which is tri-stated during user mode.
* = Reserved configuration pin, which drives out in user mode.
PDn = Power Down pin. 
@ = Special-purpose pin. 
# = JTAG Boundary-Scan Testing/In-System Programming or Configuration Pin. The JTAG inputs TMS and TDI should be tied to VCC and TCK should be tied to GND when not in use.
& = JTAG pin used for I/O. When used as user I/O, JTAG pins must be kept stable before and during configuration.  JTAG pin stability prevents accidental loading of JTAG instructions.
$ = Pin has PCI I/O option enabled. Pin is neither '5.0 V'- nor '3.3 V'-tolerant. 


Device-Specific Information:                  h:\digital\shiftreg\shiftreg.rpt
shiftreg

** RESOURCE USAGE **

Logic                Column       Row                                   
Array                Interconnect Interconnect         Clears/     External  
Block   Logic Cells  Driven       Driven       Clocks  Presets   Interconnect
C18      8/ 8(100%)   3/ 8( 37%)   5/ 8( 62%)    1/2    0/2       1/22(  4%)   
C19      8/ 8(100%)   0/ 8(  0%)   1/ 8( 12%)    1/2    0/2       9/22( 40%)   


Embedded             Column       Row                                   
Array     Embedded   Interconnect Interconnect         Read/      External  
Block     Cells      Driven       Driven       Clocks  Write    Interconnect


Total dedicated input pins used:                 6/6      (100%)
Total I/O pins used:                            12/60     ( 20%)
Total logic cells used:                         16/576    (  2%)
Total embedded cells used:                       0/48     (  0%)
Total EABs used:                                 0/3      (  0%)
Average fan-in:                                 1.93/4    ( 48%)
Total fan-in:                                  31/2304    (  1%)

Total input pins required:                      10
Total input I/O cell registers required:         0
Total output pins required:                      8
Total output I/O cell registers required:        0
Total buried I/O cell registers required:        0
Total bidirectional pins required:               0
Total reserved pins required                     0
Total logic cells required:                     16
Total flipflops required:                       16
Total packed registers required:                 0
Total logic cells in carry chains:               0
Total number of carry chains:                    0
Total logic cells in cascade chains:             0
Total number of cascade chains:                  0
Total single-pin Clock Enables required:         0
Total single-pin Output Enables required:        0

Synthesized logic cells:                         0/ 576   (  0%)

Logic Cell and Embedded Cell Counts

Column:  01  02  03  04  05  06  07  08  09  10  11  12  EA  13  14  15  16  17  18  19  20  21  22  23  24  Total(LC/EC)
 A:      0   0   0   0   0   0   0   0   0   0   0   0   0   0   0   0   0   0   0   0   0   0   0   0   0      0/0  
 B:      0   0   0   0   0   0   0   0   0   0   0   0   0   0   0   0   0   0   0   0   0   0   0   0   0      0/0  
 C:      0   0   0   0   0   0   0   0   0   0   0   0   0   0   0   0   0   0   8   8   0   0   0   0   0     16/0  

Total:   0   0   0   0   0   0   0   0   0   0   0   0   0   0   0   0   0   0   8   8   0   0   0   0   0     16/0  



Device-Specific Information:                  h:\digital\shiftreg\shiftreg.rpt
shiftreg

** INPUTS **

                                                    Fan-In    Fan-Out
 Pin     LC     EC   Row  Col  Primitive    Code      INP  FBK  OUT  FBK  Name
  39      -     -    -    --      INPUT  G          ^    0    0    0    0  clk
  38      -     -    -    --      INPUT             ^    0    0    0    1  d1
  89      -     -    -    --      INPUT             ^    0    0    0    1  d2
  91      -     -    -    --      INPUT             ^    0    0    0    1  d3
  90      -     -    -    --      INPUT             ^    0    0    0    1  d4
  20      -     -    C    --      INPUT             ^    0    0    0    1  d5
  55      -     -    C    --      INPUT             ^    0    0    0    1  d6
  58      -     -    C    --      INPUT             ^    0    0    0    1  d7
  56      -     -    C    --      INPUT             ^    0    0    0    1  d8
  40      -     -    -    --      INPUT             ^    0    0    0    8  load


Code:

s = Synthesized pin or logic cell
+ = Synchronous flipflop
/ = Slow slew-rate output
! = NOT gate push-back
r = Fitter-inserted logic cell
^ = Increased input delay
* = PCI I/O is enabled
@ = Uses single-pin Clock Enable
& = Uses single-pin Output Enable
G = Global Source. Fan-out destinations counted here do not include destinations
that are driven using global routing resources. Refer to the Auto Global Signals,
Clock Signals, Clear Signals, Synchronous Load Signals, and Synchronous Clear Signals
Sections of this Report File for information on which signals' fan-outs are used as
Clock, Clear, Preset, Output Enable, and synchronous Load signals.


Device-Specific Information:                  h:\digital\shiftreg\shiftreg.rpt
shiftreg

** OUTPUTS **

       Fed By Fed By                                Fan-In    Fan-Out
 Pin     LC     EC   Row  Col  Primitive    Code      INP  FBK  OUT  FBK  Name
  22      -     -    C    --     OUTPUT                 0    1    0    0  out1
  31      -     -    -    17     OUTPUT                 0    1    0    0  out2
  19      -     -    C    --     OUTPUT                 0    1    0    0  out3
  23      -     -    C    --     OUTPUT                 0    1    0    0  out4
  57      -     -    C    --     OUTPUT                 0    1    0    0  out5
  21      -     -    C    --     OUTPUT                 0    1    0    0  out6
  30      -     -    -    18     OUTPUT                 0    1    0    0  out7
  61      -     -    B    --     OUTPUT                 0    1    0    0  out8


Code:

s = Synthesized pin or logic cell
+ = Synchronous flipflop
/ = Slow slew-rate output
! = NOT gate push-back
r = Fitter-inserted logic cell
^ = Increased input delay
* = PCI I/O is enabled
@ = Uses single-pin Clock Enable
& = Uses single-pin Output Enable


Device-Specific Information:                  h:\digital\shiftreg\shiftreg.rpt
shiftreg

** BURIED LOGIC **

                                                    Fan-In    Fan-Out
 IOC     LC     EC   Row  Col  Primitive    Code      INP  FBK  OUT  FBK  Name
   -      1     -    C    19       DFFE   +            2    0    0    1  |lpm_shiftreg:reg1|dffs0
   -      3     -    C    19       DFFE   +            2    1    0    1  |lpm_shiftreg:reg1|dffs1
   -      4     -    C    19       DFFE   +            2    1    0    1  |lpm_shiftreg:reg1|dffs2
   -      5     -    C    19       DFFE   +            2    1    0    1  |lpm_shiftreg:reg1|dffs3
   -      6     -    C    19       DFFE   +            2    1    0    1  |lpm_shiftreg:reg1|dffs4
   -      7     -    C    19       DFFE   +            2    1    0    1  |lpm_shiftreg:reg1|dffs5
   -      8     -    C    19       DFFE   +            2    1    0    1  |lpm_shiftreg:reg1|dffs6
   -      2     -    C    19       DFFE   +            2    1    0    1  |lpm_shiftreg:reg1|dffs7
   -      8     -    C    18       DFFE   +            0    1    1    1  |lpm_shiftreg:reg2|dffs0
   -      5     -    C    18       DFFE   +            0    1    1    1  |lpm_shiftreg:reg2|dffs1
   -      1     -    C    18       DFFE   +            0    1    1    1  |lpm_shiftreg:reg2|dffs2
   -      6     -    C    18       DFFE   +            0    1    1    1  |lpm_shiftreg:reg2|dffs3
   -      2     -    C    18       DFFE   +            0    1    1    1  |lpm_shiftreg:reg2|dffs4
   -      3     -    C    18       DFFE   +            0    1    1    1  |lpm_shiftreg:reg2|dffs5
   -      4     -    C    18       DFFE   +            0    1    1    1  |lpm_shiftreg:reg2|dffs6
   -      7     -    C    18       DFFE   +            0    1    1    0  |lpm_shiftreg:reg2|dffs7


Code:

s = Synthesized pin or logic cell
+ = Synchronous flipflop
/ = Slow slew-rate output
! = NOT gate push-back
r = Fitter-inserted logic cell
^ = Increased input delay
* = PCI I/O is enabled
p = Packed register


Device-Specific Information:                  h:\digital\shiftreg\shiftreg.rpt
shiftreg

** FASTTRACK INTERCONNECT UTILIZATION **

Row FastTrack Interconnect:

          Global         Left Half-      Right Half-
         FastTrack       FastTrack       FastTrack 
Row     Interconnect    Interconnect    Interconnect    Input Pins     Output Pins     Bidir Pins
A:       0/ 96(  0%)     0/ 48(  0%)     0/ 48(  0%)    0/16(  0%)      0/16(  0%)     0/16(  0%)
B:       1/ 96(  1%)     0/ 48(  0%)     0/ 48(  0%)    0/16(  0%)      1/16(  6%)     0/16(  0%)
C:       7/ 96(  7%)     0/ 48(  0%)     3/ 48(  6%)    4/16( 25%)      5/16( 31%)     0/16(  0%)


Column FastTrack Interconnect:

         FastTrack                                 
Column  Interconnect    Input Pins     Output Pins     Bidir Pins
01:      0/24(  0%)     0/4(  0%)      0/4(  0%)       0/4(  0%)
02:      0/24(  0%)     0/4(  0%)      0/4(  0%)       0/4(  0%)
03:      0/24(  0%)     0/4(  0%)      0/4(  0%)       0/4(  0%)
04:      0/24(  0%)     0/4(  0%)      0/4(  0%)       0/4(  0%)
05:      0/24(  0%)     0/4(  0%)      0/4(  0%)       0/4(  0%)
06:      0/24(  0%)     0/4(  0%)      0/4(  0%)       0/4(  0%)
07:      0/24(  0%)     0/4(  0%)      0/4(  0%)       0/4(  0%)
08:      0/24(  0%)     0/4(  0%)      0/4(  0%)       0/4(  0%)
09:      0/24(  0%)     0/4(  0%)      0/4(  0%)       0/4(  0%)
10:      0/24(  0%)     0/4(  0%)      0/4(  0%)       0/4(  0%)
11:      0/24(  0%)     0/4(  0%)      0/4(  0%)       0/4(  0%)
12:      0/24(  0%)     0/4(  0%)      0/4(  0%)       0/4(  0%)
13:      0/24(  0%)     0/4(  0%)      0/4(  0%)       0/4(  0%)
14:      0/24(  0%)     0/4(  0%)      0/4(  0%)       0/4(  0%)
15:      0/24(  0%)     0/4(  0%)      0/4(  0%)       0/4(  0%)
16:      0/24(  0%)     0/4(  0%)      0/4(  0%)       0/4(  0%)
17:      2/24(  8%)     0/4(  0%)      1/4( 25%)       0/4(  0%)
18:      1/24(  4%)     0/4(  0%)      1/4( 25%)       0/4(  0%)
19:      0/24(  0%)     0/4(  0%)      0/4(  0%)       0/4(  0%)
20:      0/24(  0%)     0/4(  0%)      0/4(  0%)       0/4(  0%)
21:      0/24(  0%)     0/4(  0%)      0/4(  0%)       0/4(  0%)
22:      0/24(  0%)     0/4(  0%)      0/4(  0%)       0/4(  0%)
23:      0/24(  0%)     0/4(  0%)      0/4(  0%)       0/4(  0%)
24:      0/24(  0%)     0/4(  0%)      0/4(  0%)       0/4(  0%)
EA:      0/24(  0%)     0/4(  0%)      0/4(  0%)       0/4(  0%)


Device-Specific Information:                  h:\digital\shiftreg\shiftreg.rpt
shiftreg

** CLOCK SIGNALS **

Type     Fan-out       Name
INPUT       16         clk


Device-Specific Information:                  h:\digital\shiftreg\shiftreg.rpt
shiftreg

** EQUATIONS **

clk      : INPUT;
d1       : INPUT;
d2       : INPUT;
d3       : INPUT;
d4       : INPUT;
d5       : INPUT;
d6       : INPUT;
d7       : INPUT;
d8       : INPUT;
load     : INPUT;

-- Node name is 'out1' from file "shiftreg.tdf" line 18, column 4
-- Equation name is 'out1', type is output 
out1     =  _LC8_C18;

-- Node name is 'out2' from file "shiftreg.tdf" line 18, column 4
-- Equation name is 'out2', type is output 
out2     =  _LC5_C18;

-- Node name is 'out3' from file "shiftreg.tdf" line 18, column 4
-- Equation name is 'out3', type is output 
out3     =  _LC1_C18;

-- Node name is 'out4' from file "shiftreg.tdf" line 18, column 4
-- Equation name is 'out4', type is output 
out4     =  _LC6_C18;

-- Node name is 'out5' from file "shiftreg.tdf" line 18, column 4
-- Equation name is 'out5', type is output 
out5     =  _LC2_C18;

-- Node name is 'out6' from file "shiftreg.tdf" line 18, column 4
-- Equation name is 'out6', type is output 
out6     =  _LC3_C18;

-- Node name is 'out7' from file "shiftreg.tdf" line 18, column 4
-- Equation name is 'out7', type is output 
out7     =  _LC4_C18;

-- Node name is 'out8' from file "shiftreg.tdf" line 18, column 4
-- Equation name is 'out8', type is output 
out8     =  _LC7_C18;

-- Node name is '|lpm_shiftreg:reg1|dffs0' from file "lpm_shiftreg.tdf" line 60, column 7
-- Equation name is '_LC1_C19', type is buried 
_LC1_C19 = DFFE( _EQ001, GLOBAL( clk),  VCC,  VCC,  VCC);
  _EQ001 =  d1
         # !load;

-- Node name is '|lpm_shiftreg:reg1|dffs1' from file "lpm_shiftreg.tdf" line 60, column 7
-- Equation name is '_LC3_C19', type is buried 
_LC3_C19 = DFFE( _EQ002, GLOBAL( clk),  VCC,  VCC,  VCC);
  _EQ002 =  _LC1_C19 & !load
         #  d2 &  load;

-- Node name is '|lpm_shiftreg:reg1|dffs2' from file "lpm_shiftreg.tdf" line 60, column 7
-- Equation name is '_LC4_C19', type is buried 
_LC4_C19 = DFFE( _EQ003, GLOBAL( clk),  VCC,  VCC,  VCC);
  _EQ003 =  _LC3_C19 & !load
         #  d3 &  load;

-- Node name is '|lpm_shiftreg:reg1|dffs3' from file "lpm_shiftreg.tdf" line 60, column 7
-- Equation name is '_LC5_C19', type is buried 
_LC5_C19 = DFFE( _EQ004, GLOBAL( clk),  VCC,  VCC,  VCC);
  _EQ004 =  _LC4_C19 & !load
         #  d4 &  load;

-- Node name is '|lpm_shiftreg:reg1|dffs4' from file "lpm_shiftreg.tdf" line 60, column 7
-- Equation name is '_LC6_C19', type is buried 
_LC6_C19 = DFFE( _EQ005, GLOBAL( clk),  VCC,  VCC,  VCC);
  _EQ005 =  _LC5_C19 & !load
         #  d5 &  load;

-- Node name is '|lpm_shiftreg:reg1|dffs5' from file "lpm_shiftreg.tdf" line 60, column 7
-- Equation name is '_LC7_C19', type is buried 
_LC7_C19 = DFFE( _EQ006, GLOBAL( clk),  VCC,  VCC,  VCC);
  _EQ006 =  _LC6_C19 & !load
         #  d6 &  load;

-- Node name is '|lpm_shiftreg:reg1|dffs6' from file "lpm_shiftreg.tdf" line 60, column 7
-- Equation name is '_LC8_C19', type is buried 
_LC8_C19 = DFFE( _EQ007, GLOBAL( clk),  VCC,  VCC,  VCC);
  _EQ007 =  _LC7_C19 & !load
         #  d7 &  load;

-- Node name is '|lpm_shiftreg:reg1|dffs7' from file "lpm_shiftreg.tdf" line 60, column 7
-- Equation name is '_LC2_C19', type is buried 
_LC2_C19 = DFFE( _EQ008, GLOBAL( clk),  VCC,  VCC,  VCC);
  _EQ008 =  _LC8_C19 & !load
         #  d8 &  load;

-- Node name is '|lpm_shiftreg:reg2|dffs0' from file "lpm_shiftreg.tdf" line 60, column 7
-- Equation name is '_LC8_C18', type is buried 
_LC8_C18 = DFFE( _LC2_C19, GLOBAL( clk),  VCC,  VCC,  VCC);

-- Node name is '|lpm_shiftreg:reg2|dffs1' from file "lpm_shiftreg.tdf" line 60, column 7
-- Equation name is '_LC5_C18', type is buried 
_LC5_C18 = DFFE( _LC8_C18, GLOBAL( clk),  VCC,  VCC,  VCC);

-- Node name is '|lpm_shiftreg:reg2|dffs2' from file "lpm_shiftreg.tdf" line 60, column 7
-- Equation name is '_LC1_C18', type is buried 
_LC1_C18 = DFFE( _LC5_C18, GLOBAL( clk),  VCC,  VCC,  VCC);

-- Node name is '|lpm_shiftreg:reg2|dffs3' from file "lpm_shiftreg.tdf" line 60, column 7
-- Equation name is '_LC6_C18', type is buried 
_LC6_C18 = DFFE( _LC1_C18, GLOBAL( clk),  VCC,  VCC,  VCC);

-- Node name is '|lpm_shiftreg:reg2|dffs4' from file "lpm_shiftreg.tdf" line 60, column 7
-- Equation name is '_LC2_C18', type is buried 
_LC2_C18 = DFFE( _LC6_C18, GLOBAL( clk),  VCC,  VCC,  VCC);

-- Node name is '|lpm_shiftreg:reg2|dffs5' from file "lpm_shiftreg.tdf" line 60, column 7
-- Equation name is '_LC3_C18', type is buried 
_LC3_C18 = DFFE( _LC2_C18, GLOBAL( clk),  VCC,  VCC,  VCC);

-- Node name is '|lpm_shiftreg:reg2|dffs6' from file "lpm_shiftreg.tdf" line 60, column 7
-- Equation name is '_LC4_C18', type is buried 
_LC4_C18 = DFFE( _LC3_C18, GLOBAL( clk),  VCC,  VCC,  VCC);

-- Node name is '|lpm_shiftreg:reg2|dffs7' from file "lpm_shiftreg.tdf" line 60, column 7
-- Equation name is '_LC7_C18', type is buried 
_LC7_C18 = DFFE( _LC4_C18, GLOBAL( clk),  VCC,  VCC,  VCC);



Project Information                           h:\digital\shiftreg\shiftreg.rpt

** COMPILATION SETTINGS & TIMES **

Processing Menu Commands
------------------------

Design Doctor                             = off

Logic Synthesis:

   Synthesis Type Used                    = Multi-Level

   Default Synthesis Style                = NORMAL

      Logic option settings in 'NORMAL' style for 'ACEX1K' family

      CARRY_CHAIN                         = ignore
      CARRY_CHAIN_LENGTH                  = 32
      CASCADE_CHAIN                       = ignore
      CASCADE_CHAIN_LENGTH                = 2
      DECOMPOSE_GATES                     = on
      DUPLICATE_LOGIC_EXTRACTION          = on
      MINIMIZATION                        = full
      MULTI_LEVEL_FACTORING               = on
      NOT_GATE_PUSH_BACK                  = on
      REDUCE_LOGIC                        = on
      REFACTORIZATION                     = on
      REGISTER_OPTIMIZATION               = on
      RESYNTHESIZE_NETWORK                = on
      SLOW_SLEW_RATE                      = off
      SUBFACTOR_EXTRACTION                = on
      IGNORE_SOFT_BUFFERS                 = on
      USE_LPM_FOR_AHDL_OPERATORS          = off

   Other logic synthesis settings:

      Automatic Global Clock              = on
      Automatic Global Clear              = on
      Automatic Global Preset             = on
      Automatic Global Output Enable      = on
      Automatic Fast I/O                  = off
      Automatic Register Packing          = off
      Automatic Open-Drain Pins           = on
      Automatic Implement in EAB          = off
      Optimize                            = 5

Default Timing Specifications: None

Cut All Bidir Feedback Timing Paths       = on
Cut All Clear & Preset Timing Paths       = on

Ignore Timing Assignments                 = on

Functional SNF Extractor                  = off

Linked SNF Extractor                      = off
Timing SNF Extractor                      = on
Optimize Timing SNF                       = off
Generate AHDL TDO File                    = off
Fitter Settings                           = NORMAL
Use Quartus Fitter                        = on
Smart Recompile                           = off
Total Recompile                           = off

Interfaces Menu Commands
------------------------

EDIF Netlist Writer                       = off
Verilog Netlist Writer                    = off
VHDL Netlist Writer                       = off

Compilation Times
-----------------

   Compiler Netlist Extractor             00:00:00
   Database Builder                       00:00:00
   Logic Synthesizer                      00:00:00
   Partitioner                            00:00:01
   Fitter                                 00:00:00
   Timing SNF Extractor                   00:00:00
   Assembler                              00:00:00
   --------------------------             --------
   Total Time                             00:00:01


Memory Allocated
-----------------

Peak memory allocated during compilation  = 17,899K
